Diagnose log at 2024-02-03T07:13:53Z

AppPath: C:\Program Files\Git\mingw64\bin\git-credential-manager.exe
InstallDir: C:\Program Files\Git\mingw64\bin\
Version: 2.4.1

------------
Diagnostic: Environment
Skipped: False
Success: True
Exception: None
Log:
OSType: Windows
OSVersion: 10.0 (build 26020)
Reading environment variables... OK
 Variables:
HOMEPATH=\Users\D6
DriverData=C:\Windows\System32\Drivers\DriverData
COMPUTERNAME=KAYA-COMPUTER
GIT_TRACE2_PARENT_SID=cc58f13e-b97d-472d-938a-a833c7c9788c
CommonProgramFiles(x86)=C:\Program Files (x86)\Common Files
COLORTERM=truecolor
ChocolateyLastPathUpdate=133013215814629330
WT_PROFILE_ID={0caa0dad-35be-5f56-a8ff-afceeeaa6101}
SESSIONNAME=Console
TMP=C:\Users\D6\AppData\Local\Temp
PROCESSOR_REVISION=1801
PATHEXT=.COM;.EXE;.BAT;.CMD;.VBS;.VBE;.JS;.JSE;.WSF;.WSH;.MSC;.PY;.PYW
pip=C:\Users\D6\AppData\Local\Programs\Python\Python310\Scripts\pip.exe
GIT_EXEC_PATH=C:/Program Files/Git/mingw64/libexec/git-core
TEMP=C:\Users\D6\AppData\Local\Temp
LOCALAPPDATA=C:\Users\D6\AppData\Local
MSYSTEM=MINGW64
OneDrive=C:\Users\D6\OneDrive
POSH_THEMES_PATH=C:\Users\D6\AppData\Local\Programs\oh-my-posh\themes
VS160COMCOMNTOOLS=C:\Program Files (x86)\Microsoft Visual Studio\2019\Community\Common7\Tools\
USERDOMAIN=KAYA-COMPUTER
ComSpec=C:\WINDOWS\system32\cmd.exe
Path=C:/Program Files/Git/mingw64/libexec/git-core;C:\Program Files\Git\mingw64\bin;C:\Program Files\Git\usr\bin;C:\Users\D6\bin;C:\Python312\Scripts\;C:\Python312\;C:\Program Files (x86)\Common Files\Oracle\Java\javapath;C:\Program Files\Smart Projects\IsoBuster;C:\Windows\system32;C:\Windows;C:\Windows\System32\Wbem;C:\Windows\System32\WindowsPowerShell\v1.0\;C:\Windows\System32\OpenSSH\;C:\Program Files\php8.1.7;C:\HaxeToolkit\haxe;C:\HaxeToolkit\neko;C:\ProgramData\ComposerSetup\bin;C:\WINDOWS\system32;C:\WINDOWS;C:\WINDOWS\System32\Wbem;C:\WINDOWS\System32\WindowsPowerShell\v1.0\;C:\WINDOWS\System32\OpenSSH\;C:\ProgramData\chocolatey\bin;C:\Program Files\dotnet\;C:\WINDOWS\system32;C:\WINDOWS;C:\WINDOWS\System32\Wbem;C:\WINDOWS\System32\WindowsPowerShell\v1.0\;C:\WINDOWS\System32\OpenSSH\;C:\Program Files (x86)\dotnet\;C:\Program Files\PuTTY\;C:\Program Files\GitHub CLI\;C:\Program Fİles\Oracle\VirtualBox;C:\Program Files\qemu;C:\Program Files\Git\cmd;C:\Program Files\Microsoft Office\root\Office16;C:\Program Files\nodejs\;C:\Python310\Scripts\;C:\Python310\;C:\Users\D6\AppData\Local\Programs\Python\Python310\Scripts\;C:\Users\D6\AppData\Local\Programs\Python\Python310\;C:\Users\D6\AppData\Local\Microsoft\WindowsApps;C:\Program Files\php8.1.7;C:\Program Files\JetBrains\PhpStorm 2022.1.3\bin;C:\Users\D6\.dotnet\tools;C:\Users\D6\AppData\Roaming\Composer\vendor\bin;C:\adb;C:\Users\D6\AppData\Local\Packages\PythonSoftwareFoundation.Python.3.10_qbz5n2kfra8p0\LocalCache\local-packages\Python310\Scripts;C:\Users\D6\AppData\Local\Programs\Microsoft VS Code\bin;C:\Users\D6\.deno\bin;C:\Users\D6\AppData\Local\Microsoft\WindowsApps;C:\Users\D6\AppData\Local\Programs\oh-my-posh\bin;C:\Users\D6\AppData\Roaming\npm
PROCESSOR_LEVEL=23
PROCESSOR_IDENTIFIER=AMD64 Family 23 Model 24 Stepping 1, AuthenticAMD
TMPDIR=C:\Users\D6\AppData\Local\Temp
PROMPT=$P$G
ProgramFiles(x86)=C:\Program Files (x86)
PUBLIC=C:\Users\Public
NUMBER_OF_PROCESSORS=8
CommonProgramFiles=C:\Program Files (x86)\Common Files
WT_SESSION=61d9648d-b800-407d-9a96-f88521a95ce8
WSLENV=WT_SESSION:WT_PROFILE_ID:
TERM=xterm-256color
ProgramFiles=C:\Program Files (x86)
ProgramData=C:\ProgramData
MSYS=disable_pcon
ChocolateyInstall=C:\ProgramData\chocolatey
PLINK_PROTOCOL=ssh
ProgramW6432=C:\Program Files
HOME=C:\Users\D6
LC_CTYPE=C.UTF-8
CommonProgramW6432=C:\Program Files\Common Files
LOGONSERVER=\\KAYA-COMPUTER
USERPROFILE=C:\Users\D6
SystemRoot=C:\WINDOWS
USERDOMAIN_ROAMINGPROFILE=KAYA-COMPUTER
APPDATA=C:\Users\D6\AppData\Roaming
HOMEDRIVE=C:
PSModulePath=C:\Program Files\WindowsPowerShell\Modules;C:\WINDOWS\system32\WindowsPowerShell\v1.0\Modules
VBOX_MSI_INSTALL_PATH=C:\Program Files\Oracle\VirtualBox\
USERNAME=D6
PROCESSOR_ARCHITEW6432=AMD64
PROCESSOR_ARCHITECTURE=x86
OS=Windows_NT
PhpStorm=C:\Program Files\JetBrains\PhpStorm 2022.1.3\bin;
SystemDrive=C:
windir=C:\WINDOWS
OneDriveConsumer=C:\Users\D6\OneDrive
ALLUSERSPROFILE=C:\ProgramData


------------
Diagnostic: File system
Skipped: False
Success: True
Exception: None
Log:
Temporary directory is 'C:\Users\D6\AppData\Local\Temp\'...
Checking basic file I/O...
Writing to temporary file 'C:\Users\D6\AppData\Local\Temp\da184abe97042a28ed7f2be4'... OK
Reading from temporary file 'C:\Users\D6\AppData\Local\Temp\da184abe97042a28ed7f2be4'... OK
Deleting temporary file 'C:\Users\D6\AppData\Local\Temp\da184abe97042a28ed7f2be4'... OK
Testing IFileSystem instance...
UserHomePath: C:\Users\D6
UserDataDirectoryPath: C:\Users\D6\.gcm
GetCurrentDirectory(): C:\Users\D6\Desktop\my-backpack\communidia

------------
Diagnostic: Networking
Skipped: False
Success: True
Exception: None
Log:
Checking networking and HTTP stack...
Creating HTTP client... OK
IsNetworkAvailable: True
Sending HEAD request to http://example.com...Sending HEAD request to https://example.com... OK
 OK
Acquiring free TCP port... OK
Testing local HTTP loopback connections...
Creating new HTTP listener for http://localhost:57001/... OK
Waiting for loopback connection... OK
Writing response... OK
Waiting for response data... OK
Loopback connection data OK

------------
Diagnostic: Git
Skipped: False
Success: True
Exception: None
Log:
Getting Git version... OK
Git version is '2.43.0.windows.1'
Locating current repository... OK
Git repository at 'C:/Users/D6/Desktop/my-backpack/communidia/.git'
Listing all Git configuration... OK
Git configuration:
file:C:/Program Files/Git/etc/gitconfig	diff.astextplain.textconv=astextplain
file:C:/Program Files/Git/etc/gitconfig	filter.lfs.clean=git-lfs clean -- %f
file:C:/Program Files/Git/etc/gitconfig	filter.lfs.smudge=git-lfs smudge -- %f
file:C:/Program Files/Git/etc/gitconfig	filter.lfs.process=git-lfs filter-process
file:C:/Program Files/Git/etc/gitconfig	filter.lfs.required=true
file:C:/Program Files/Git/etc/gitconfig	http.sslbackend=openssl
file:C:/Program Files/Git/etc/gitconfig	http.sslcainfo=C:/Program Files/Git/mingw64/etc/ssl/certs/ca-bundle.crt
file:C:/Program Files/Git/etc/gitconfig	core.autocrlf=true
file:C:/Program Files/Git/etc/gitconfig	core.fscache=true
file:C:/Program Files/Git/etc/gitconfig	core.symlinks=false
file:C:/Program Files/Git/etc/gitconfig	pull.rebase=false
file:C:/Program Files/Git/etc/gitconfig	credential.helper=manager
file:C:/Program Files/Git/etc/gitconfig	credential.https://dev.azure.com.usehttppath=true
file:C:/Program Files/Git/etc/gitconfig	init.defaultbranch=master
file:C:/Users/D6/.gitconfig	core.editor="C:\Users\D6\AppData\Local\Programs\Microsoft VS Code\bin\code" --wait
file:C:/Users/D6/.gitconfig	credential.helper=store
file:C:/Users/D6/.gitconfig	credential.helper=
file:C:/Users/D6/.gitconfig	credential.helper=C:/Program\ Files/Git/mingw64/bin/git-credential-manager.exe
file:C:/Users/D6/.gitconfig	user.email=neodeveloper27@gmail.com
file:C:/Users/D6/.gitconfig	user.name=neondev27
file:C:/Users/D6/.gitconfig	filter.lfs.smudge=git-lfs smudge -- %f
file:C:/Users/D6/.gitconfig	filter.lfs.process=git-lfs filter-process
file:C:/Users/D6/.gitconfig	filter.lfs.required=true
file:C:/Users/D6/.gitconfig	filter.lfs.clean=git-lfs clean -- %f
file:C:/Users/D6/.gitconfig	http.sslbackend=schannel
file:C:/Users/D6/.gitconfig	http.sslverify=false
file:C:/Users/D6/.gitconfig	safe.directory=C:/Users/D6/Desktop/communidia
file:.git/config	core.repositoryformatversion=0
file:.git/config	core.filemode=false
file:.git/config	core.bare=false
file:.git/config	core.logallrefupdates=true
file:.git/config	core.symlinks=false
file:.git/config	core.ignorecase=true
file:.git/config	remote.origin.url=https://github.com/communidia-one/base-repo
file:.git/config	remote.origin.fetch=+refs/heads/*:refs/remotes/origin/*


------------
Diagnostic: Credential storage
Skipped: False
Success: True
Exception: None
Log:
ICredentialStore instance is of type: CredentialStore
Writing test credential... OK
Reading test credential... OK
Deleting test credential... OK

------------
Diagnostic: Microsoft authentication (AAD/MSA)
Skipped: False
Success: True
Exception: None
Log:
Broker is not enabled.
Flow type is: Auto
Gathering MSAL token cache data... OK
CacheDirectory: C:\Users\D6\AppData\Local\.IdentityService
CacheFileName: msal.cache
CacheFilePath: C:\Users\D6\AppData\Local\.IdentityService\msal.cache
Creating cache helper... OK
Verifying MSAL token cache persistence... OK

------------
Diagnostic: GitHub API
Skipped: False
Success: True
Exception: None
Log:
Using 'https://github.com/' as API target.
Querying '/meta' endpoint... OK

